Configuration file: /Users/aadm/Dropbox/aadm.github.io/_config.yml
            Source: /Users/aadm/Dropbox/aadm.github.io
       Destination: /Users/aadm/Dropbox/aadm.github.io/_site
      Generating... done.

 ___________________________________________________________________________
| Maruku tells you:
+---------------------------------------------------------------------------
| Could not find ref_id = "blog" for md_link(["blog"],"blog")
| Available refs are []
+---------------------------------------------------------------------------
!/Library/Ruby/Gems/1.8/gems/maruku-0.6.1/lib/maruku/errors_management.rb:49:in `maruku_error'
!/Library/Ruby/Gems/1.8/gems/maruku-0.6.1/lib/maruku/output/to_html.rb:716:in `to_html_link'
!/Library/Ruby/Gems/1.8/gems/maruku-0.6.1/lib/maruku/output/to_html.rb:970:in `send'
!/Library/Ruby/Gems/1.8/gems/maruku-0.6.1/lib/maruku/output/to_html.rb:970:in `array_to_html'
!/Library/Ruby/Gems/1.8/gems/maruku-0.6.1/lib/maruku/output/to_html.rb:961:in `each'
\___________________________________________________________________________
Not creating a link for ref_id = "blog".
 ___________________________________________________________________________
| Maruku tells you:
+---------------------------------------------------------------------------
| Could not find ref_id = "filofosico" for md_link([md_em(["filofosico"])],"filofosico")
| Available refs are []
+---------------------------------------------------------------------------
!/Library/Ruby/Gems/1.8/gems/maruku-0.6.1/lib/maruku/errors_management.rb:49:in `maruku_error'
!/Library/Ruby/Gems/1.8/gems/maruku-0.6.1/lib/maruku/output/to_html.rb:716:in `to_html_link'
!/Library/Ruby/Gems/1.8/gems/maruku-0.6.1/lib/maruku/output/to_html.rb:970:in `send'
!/Library/Ruby/Gems/1.8/gems/maruku-0.6.1/lib/maruku/output/to_html.rb:970:in `array_to_html'
!/Library/Ruby/Gems/1.8/gems/maruku-0.6.1/lib/maruku/output/to_html.rb:961:in `each'
\___________________________________________________________________________
Not creating a link for ref_id = "filofosico".
 ___________________________________________________________________________
| Maruku tells you:
+---------------------------------------------------------------------------
| Could not find ref_id = "italiano" for md_link(["Italiano"],"italiano")
| Available refs are []
+---------------------------------------------------------------------------
!/Library/Ruby/Gems/1.8/gems/maruku-0.6.1/lib/maruku/errors_management.rb:49:in `maruku_error'
!/Library/Ruby/Gems/1.8/gems/maruku-0.6.1/lib/maruku/output/to_html.rb:716:in `to_html_link'
!/Library/Ruby/Gems/1.8/gems/maruku-0.6.1/lib/maruku/output/to_html.rb:970:in `send'
!/Library/Ruby/Gems/1.8/gems/maruku-0.6.1/lib/maruku/output/to_html.rb:970:in `array_to_html'
!/Library/Ruby/Gems/1.8/gems/maruku-0.6.1/lib/maruku/output/to_html.rb:961:in `each'
\___________________________________________________________________________
Not creating a link for ref_id = "italiano".
 ___________________________________________________________________________
| Maruku tells you:
+---------------------------------------------------------------------------
| Could not find ref_id = "english" for md_link(["english"],"english")
| Available refs are []
+---------------------------------------------------------------------------
!/Library/Ruby/Gems/1.8/gems/maruku-0.6.1/lib/maruku/errors_management.rb:49:in `maruku_error'
!/Library/Ruby/Gems/1.8/gems/maruku-0.6.1/lib/maruku/output/to_html.rb:716:in `to_html_link'
!/Library/Ruby/Gems/1.8/gems/maruku-0.6.1/lib/maruku/output/to_html.rb:970:in `send'
!/Library/Ruby/Gems/1.8/gems/maruku-0.6.1/lib/maruku/output/to_html.rb:970:in `array_to_html'
!/Library/Ruby/Gems/1.8/gems/maruku-0.6.1/lib/maruku/output/to_html.rb:961:in `each'
\___________________________________________________________________________
Not creating a link for ref_id = "english".
 ___________________________________________________________________________
| Maruku tells you:
+---------------------------------------------------------------------------
| Could not find ref_id = "il_resto_del_racconto_dopo_lintermezzo" for md_link(["il resto del racconto dopo l", md_entity("rsquo"), "intermezzo!"],"il_resto_del_racconto_dopo_lintermezzo")
| Available refs are []
+---------------------------------------------------------------------------
!/Library/Ruby/Gems/1.8/gems/maruku-0.6.1/lib/maruku/errors_management.rb:49:in `maruku_error'
!/Library/Ruby/Gems/1.8/gems/maruku-0.6.1/lib/maruku/output/to_html.rb:716:in `to_html_link'
!/Library/Ruby/Gems/1.8/gems/maruku-0.6.1/lib/maruku/output/to_html.rb:970:in `send'
!/Library/Ruby/Gems/1.8/gems/maruku-0.6.1/lib/maruku/output/to_html.rb:970:in `array_to_html'
!/Library/Ruby/Gems/1.8/gems/maruku-0.6.1/lib/maruku/output/to_html.rb:961:in `each'
\___________________________________________________________________________
Not creating a link for ref_id = "il_resto_del_racconto_dopo_lintermezzo".
 ___________________________________________________________________________
| Maruku tells you:
+---------------------------------------------------------------------------
| Could not find ref_id = "" for md_link([md_entity("hellip")],"")
| Available refs are []
+---------------------------------------------------------------------------
!/Library/Ruby/Gems/1.8/gems/maruku-0.6.1/lib/maruku/errors_management.rb:49:in `maruku_error'
!/Library/Ruby/Gems/1.8/gems/maruku-0.6.1/lib/maruku/output/to_html.rb:716:in `to_html_link'
!/Library/Ruby/Gems/1.8/gems/maruku-0.6.1/lib/maruku/output/to_html.rb:970:in `send'
!/Library/Ruby/Gems/1.8/gems/maruku-0.6.1/lib/maruku/output/to_html.rb:970:in `array_to_html'
!/Library/Ruby/Gems/1.8/gems/maruku-0.6.1/lib/maruku/output/to_html.rb:961:in `each'
\___________________________________________________________________________
Not creating a link for ref_id = "".
 ___________________________________________________________________________
| Maruku tells you:
+---------------------------------------------------------------------------
| Could not find ref_id = "" for md_link([md_entity("hellip")],"")
| Available refs are []
+---------------------------------------------------------------------------
!/Library/Ruby/Gems/1.8/gems/maruku-0.6.1/lib/maruku/errors_management.rb:49:in `maruku_error'
!/Library/Ruby/Gems/1.8/gems/maruku-0.6.1/lib/maruku/output/to_html.rb:716:in `to_html_link'
!/Library/Ruby/Gems/1.8/gems/maruku-0.6.1/lib/maruku/output/to_html.rb:970:in `send'
!/Library/Ruby/Gems/1.8/gems/maruku-0.6.1/lib/maruku/output/to_html.rb:970:in `array_to_html'
!/Library/Ruby/Gems/1.8/gems/maruku-0.6.1/lib/maruku/output/to_html.rb:961:in `each'
\___________________________________________________________________________
Not creating a link for ref_id = "".
 ___________________________________________________________________________
| Maruku tells you:
+---------------------------------------------------------------------------
| Could not find ref_id = "" for md_link([md_entity("hellip")],"")
| Available refs are []
+---------------------------------------------------------------------------
!/Library/Ruby/Gems/1.8/gems/maruku-0.6.1/lib/maruku/errors_management.rb:49:in `maruku_error'
!/Library/Ruby/Gems/1.8/gems/maruku-0.6.1/lib/maruku/output/to_html.rb:716:in `to_html_link'
!/Library/Ruby/Gems/1.8/gems/maruku-0.6.1/lib/maruku/output/to_html.rb:970:in `send'
!/Library/Ruby/Gems/1.8/gems/maruku-0.6.1/lib/maruku/output/to_html.rb:970:in `array_to_html'
!/Library/Ruby/Gems/1.8/gems/maruku-0.6.1/lib/maruku/output/to_html.rb:961:in `each'
\___________________________________________________________________________
Not creating a link for ref_id = "".
 ___________________________________________________________________________
| Maruku tells you:
+---------------------------------------------------------------------------
| Could not find ref_id = "" for md_link([md_entity("hellip")],"")
| Available refs are []
+---------------------------------------------------------------------------
!/Library/Ruby/Gems/1.8/gems/maruku-0.6.1/lib/maruku/errors_management.rb:49:in `maruku_error'
!/Library/Ruby/Gems/1.8/gems/maruku-0.6.1/lib/maruku/output/to_html.rb:716:in `to_html_link'
!/Library/Ruby/Gems/1.8/gems/maruku-0.6.1/lib/maruku/output/to_html.rb:970:in `send'
!/Library/Ruby/Gems/1.8/gems/maruku-0.6.1/lib/maruku/output/to_html.rb:970:in `array_to_html'
!/Library/Ruby/Gems/1.8/gems/maruku-0.6.1/lib/maruku/output/to_html.rb:961:in `each'
\___________________________________________________________________________
Not creating a link for ref_id = "".
 ___________________________________________________________________________
| Maruku tells you:
+---------------------------------------------------------------------------
| Could not find ref_id = "" for md_link([md_entity("hellip")],"")
| Available refs are []
+---------------------------------------------------------------------------
!/Library/Ruby/Gems/1.8/gems/maruku-0.6.1/lib/maruku/errors_management.rb:49:in `maruku_error'
!/Library/Ruby/Gems/1.8/gems/maruku-0.6.1/lib/maruku/output/to_html.rb:716:in `to_html_link'
!/Library/Ruby/Gems/1.8/gems/maruku-0.6.1/lib/maruku/output/to_html.rb:970:in `send'
!/Library/Ruby/Gems/1.8/gems/maruku-0.6.1/lib/maruku/output/to_html.rb:970:in `array_to_html'
!/Library/Ruby/Gems/1.8/gems/maruku-0.6.1/lib/maruku/output/to_html.rb:961:in `each'
\___________________________________________________________________________
Not creating a link for ref_id = "".
 ___________________________________________________________________________
| Maruku tells you:
+---------------------------------------------------------------------------
| Could not find ref_id = "" for md_link([md_entity("hellip")],"")
| Available refs are []
+---------------------------------------------------------------------------
!/Library/Ruby/Gems/1.8/gems/maruku-0.6.1/lib/maruku/errors_management.rb:49:in `maruku_error'
!/Library/Ruby/Gems/1.8/gems/maruku-0.6.1/lib/maruku/output/to_html.rb:716:in `to_html_link'
!/Library/Ruby/Gems/1.8/gems/maruku-0.6.1/lib/maruku/output/to_html.rb:970:in `send'
!/Library/Ruby/Gems/1.8/gems/maruku-0.6.1/lib/maruku/output/to_html.rb:970:in `array_to_html'
!/Library/Ruby/Gems/1.8/gems/maruku-0.6.1/lib/maruku/output/to_html.rb:961:in `each'
\___________________________________________________________________________
Not creating a link for ref_id = "".
 ___________________________________________________________________________
| Maruku tells you:
+---------------------------------------------------------------------------
| Could not find ref_id = "click_here_for_the_original_comment" for md_link(["click here for the original comment"],"click_here_for_the_original_comment")
| Available refs are []
+---------------------------------------------------------------------------
!/Library/Ruby/Gems/1.8/gems/maruku-0.6.1/lib/maruku/errors_management.rb:49:in `maruku_error'
!/Library/Ruby/Gems/1.8/gems/maruku-0.6.1/lib/maruku/output/to_html.rb:716:in `to_html_link'
!/Library/Ruby/Gems/1.8/gems/maruku-0.6.1/lib/maruku/output/to_html.rb:970:in `send'
!/Library/Ruby/Gems/1.8/gems/maruku-0.6.1/lib/maruku/output/to_html.rb:970:in `array_to_html'
!/Library/Ruby/Gems/1.8/gems/maruku-0.6.1/lib/maruku/output/to_html.rb:961:in `each'
\___________________________________________________________________________
Not creating a link for ref_id = "click_here_for_the_original_comment".
 ___________________________________________________________________________
| Maruku tells you:
+---------------------------------------------------------------------------
| Could not find ref_id = "" for md_link(["\342\200\246"],"")
| Available refs are []
+---------------------------------------------------------------------------
!/Library/Ruby/Gems/1.8/gems/maruku-0.6.1/lib/maruku/errors_management.rb:49:in `maruku_error'
!/Library/Ruby/Gems/1.8/gems/maruku-0.6.1/lib/maruku/output/to_html.rb:716:in `to_html_link'
!/Library/Ruby/Gems/1.8/gems/maruku-0.6.1/lib/maruku/output/to_html.rb:970:in `send'
!/Library/Ruby/Gems/1.8/gems/maruku-0.6.1/lib/maruku/output/to_html.rb:970:in `array_to_html'
!/Library/Ruby/Gems/1.8/gems/maruku-0.6.1/lib/maruku/output/to_html.rb:961:in `each'
\___________________________________________________________________________
Not creating a link for ref_id = "".
 ___________________________________________________________________________
| Maruku tells you:
+---------------------------------------------------------------------------
| Could not find ref_id = "" for md_link(["\342\200\246"],"")
| Available refs are []
+---------------------------------------------------------------------------
!/Library/Ruby/Gems/1.8/gems/maruku-0.6.1/lib/maruku/errors_management.rb:49:in `maruku_error'
!/Library/Ruby/Gems/1.8/gems/maruku-0.6.1/lib/maruku/output/to_html.rb:716:in `to_html_link'
!/Library/Ruby/Gems/1.8/gems/maruku-0.6.1/lib/maruku/output/to_html.rb:970:in `send'
!/Library/Ruby/Gems/1.8/gems/maruku-0.6.1/lib/maruku/output/to_html.rb:970:in `array_to_html'
!/Library/Ruby/Gems/1.8/gems/maruku-0.6.1/lib/maruku/output/to_html.rb:961:in `each'
\___________________________________________________________________________
Not creating a link for ref_id = "".
 ___________________________________________________________________________
| Maruku tells you:
+---------------------------------------------------------------------------
| Could not find ref_id = "" for md_link(["\342\200\246"],"")
| Available refs are []
+---------------------------------------------------------------------------
!/Library/Ruby/Gems/1.8/gems/maruku-0.6.1/lib/maruku/errors_management.rb:49:in `maruku_error'
!/Library/Ruby/Gems/1.8/gems/maruku-0.6.1/lib/maruku/output/to_html.rb:716:in `to_html_link'
!/Library/Ruby/Gems/1.8/gems/maruku-0.6.1/lib/maruku/output/to_html.rb:970:in `send'
!/Library/Ruby/Gems/1.8/gems/maruku-0.6.1/lib/maruku/output/to_html.rb:970:in `array_to_html'
!/Library/Ruby/Gems/1.8/gems/maruku-0.6.1/lib/maruku/output/to_html.rb:961:in `each'
\___________________________________________________________________________
Not creating a link for ref_id = "".
 ___________________________________________________________________________
| Maruku tells you:
+---------------------------------------------------------------------------
| Could not find ref_id = "" for md_link(["\342\200\246"],"")
| Available refs are []
+---------------------------------------------------------------------------
!/Library/Ruby/Gems/1.8/gems/maruku-0.6.1/lib/maruku/errors_management.rb:49:in `maruku_error'
!/Library/Ruby/Gems/1.8/gems/maruku-0.6.1/lib/maruku/output/to_html.rb:716:in `to_html_link'
!/Library/Ruby/Gems/1.8/gems/maruku-0.6.1/lib/maruku/output/to_html.rb:970:in `send'
!/Library/Ruby/Gems/1.8/gems/maruku-0.6.1/lib/maruku/output/to_html.rb:970:in `array_to_html'
!/Library/Ruby/Gems/1.8/gems/maruku-0.6.1/lib/maruku/output/to_html.rb:961:in `each'
\___________________________________________________________________________
Not creating a link for ref_id = "".
 ___________________________________________________________________________
| Maruku tells you:
+---------------------------------------------------------------------------
| Could not find ref_id = "" for md_link(["\342\200\246"],"")
| Available refs are []
+---------------------------------------------------------------------------
!/Library/Ruby/Gems/1.8/gems/maruku-0.6.1/lib/maruku/errors_management.rb:49:in `maruku_error'
!/Library/Ruby/Gems/1.8/gems/maruku-0.6.1/lib/maruku/output/to_html.rb:716:in `to_html_link'
!/Library/Ruby/Gems/1.8/gems/maruku-0.6.1/lib/maruku/output/to_html.rb:970:in `send'
!/Library/Ruby/Gems/1.8/gems/maruku-0.6.1/lib/maruku/output/to_html.rb:970:in `array_to_html'
!/Library/Ruby/Gems/1.8/gems/maruku-0.6.1/lib/maruku/output/to_html.rb:961:in `each'
\___________________________________________________________________________
Not creating a link for ref_id = "".
 ___________________________________________________________________________
| Maruku tells you:
+---------------------------------------------------------------------------
| Could not find ref_id = "" for md_link(["\342\200\246"],"")
| Available refs are []
+---------------------------------------------------------------------------
!/Library/Ruby/Gems/1.8/gems/maruku-0.6.1/lib/maruku/errors_management.rb:49:in `maruku_error'
!/Library/Ruby/Gems/1.8/gems/maruku-0.6.1/lib/maruku/output/to_html.rb:716:in `to_html_link'
!/Library/Ruby/Gems/1.8/gems/maruku-0.6.1/lib/maruku/output/to_html.rb:970:in `send'
!/Library/Ruby/Gems/1.8/gems/maruku-0.6.1/lib/maruku/output/to_html.rb:970:in `array_to_html'
!/Library/Ruby/Gems/1.8/gems/maruku-0.6.1/lib/maruku/output/to_html.rb:961:in `each'
\___________________________________________________________________________
Not creating a link for ref_id = "".
 ___________________________________________________________________________
| Maruku tells you:
+---------------------------------------------------------------------------
| Could not find ref_id = "" for md_link(["\342\200\246"],"")
| Available refs are []
+---------------------------------------------------------------------------
!/Library/Ruby/Gems/1.8/gems/maruku-0.6.1/lib/maruku/errors_management.rb:49:in `maruku_error'
!/Library/Ruby/Gems/1.8/gems/maruku-0.6.1/lib/maruku/output/to_html.rb:716:in `to_html_link'
!/Library/Ruby/Gems/1.8/gems/maruku-0.6.1/lib/maruku/output/to_html.rb:970:in `send'
!/Library/Ruby/Gems/1.8/gems/maruku-0.6.1/lib/maruku/output/to_html.rb:970:in `array_to_html'
!/Library/Ruby/Gems/1.8/gems/maruku-0.6.1/lib/maruku/output/to_html.rb:961:in `each'
\___________________________________________________________________________
Not creating a link for ref_id = "".
 ___________________________________________________________________________
| Maruku tells you:
+---------------------------------------------------------------------------
| Could not find ref_id = "" for md_link([md_entity("hellip")],"")
| Available refs are []
+---------------------------------------------------------------------------
!/Library/Ruby/Gems/1.8/gems/maruku-0.6.1/lib/maruku/errors_management.rb:49:in `maruku_error'
!/Library/Ruby/Gems/1.8/gems/maruku-0.6.1/lib/maruku/output/to_html.rb:716:in `to_html_link'
!/Library/Ruby/Gems/1.8/gems/maruku-0.6.1/lib/maruku/output/to_html.rb:970:in `send'
!/Library/Ruby/Gems/1.8/gems/maruku-0.6.1/lib/maruku/output/to_html.rb:970:in `array_to_html'
!/Library/Ruby/Gems/1.8/gems/maruku-0.6.1/lib/maruku/output/to_html.rb:961:in `each'
\___________________________________________________________________________
Not creating a link for ref_id = "".
 ___________________________________________________________________________
| Maruku tells you:
+---------------------------------------------------------------------------
| Could not find ref_id = "" for md_link([md_entity("hellip")],"")
| Available refs are []
+---------------------------------------------------------------------------
!/Library/Ruby/Gems/1.8/gems/maruku-0.6.1/lib/maruku/errors_management.rb:49:in `maruku_error'
!/Library/Ruby/Gems/1.8/gems/maruku-0.6.1/lib/maruku/output/to_html.rb:716:in `to_html_link'
!/Library/Ruby/Gems/1.8/gems/maruku-0.6.1/lib/maruku/output/to_html.rb:970:in `send'
!/Library/Ruby/Gems/1.8/gems/maruku-0.6.1/lib/maruku/output/to_html.rb:970:in `array_to_html'
!/Library/Ruby/Gems/1.8/gems/maruku-0.6.1/lib/maruku/output/to_html.rb:961:in `each'
\___________________________________________________________________________
Not creating a link for ref_id = "".
 ___________________________________________________________________________
| Maruku tells you:
+---------------------------------------------------------------------------
| Could not find ref_id = "yet" for md_link(["yet"],"yet")
| Available refs are []
+---------------------------------------------------------------------------
!/Library/Ruby/Gems/1.8/gems/maruku-0.6.1/lib/maruku/errors_management.rb:49:in `maruku_error'
!/Library/Ruby/Gems/1.8/gems/maruku-0.6.1/lib/maruku/output/to_html.rb:716:in `to_html_link'
!/Library/Ruby/Gems/1.8/gems/maruku-0.6.1/lib/maruku/output/to_html.rb:970:in `send'
!/Library/Ruby/Gems/1.8/gems/maruku-0.6.1/lib/maruku/output/to_html.rb:970:in `array_to_html'
!/Library/Ruby/Gems/1.8/gems/maruku-0.6.1/lib/maruku/output/to_html.rb:961:in `each'
\___________________________________________________________________________
Not creating a link for ref_id = "yet".
 ___________________________________________________________________________
| Maruku tells you:
+---------------------------------------------------------------------------
| Could not find ref_id = "" for md_link(["\342\200\246"],"")
| Available refs are []
+---------------------------------------------------------------------------
!/Library/Ruby/Gems/1.8/gems/maruku-0.6.1/lib/maruku/errors_management.rb:49:in `maruku_error'
!/Library/Ruby/Gems/1.8/gems/maruku-0.6.1/lib/maruku/output/to_html.rb:716:in `to_html_link'
!/Library/Ruby/Gems/1.8/gems/maruku-0.6.1/lib/maruku/output/to_html.rb:970:in `send'
!/Library/Ruby/Gems/1.8/gems/maruku-0.6.1/lib/maruku/output/to_html.rb:970:in `array_to_html'
!/Library/Ruby/Gems/1.8/gems/maruku-0.6.1/lib/maruku/output/to_html.rb:961:in `each'
\___________________________________________________________________________
Not creating a link for ref_id = "".
 ___________________________________________________________________________
| Maruku tells you:
+---------------------------------------------------------------------------
| Could not find ref_id = "" for md_link(["\342\200\246"],"")
| Available refs are []
+---------------------------------------------------------------------------
!/Library/Ruby/Gems/1.8/gems/maruku-0.6.1/lib/maruku/errors_management.rb:49:in `maruku_error'
!/Library/Ruby/Gems/1.8/gems/maruku-0.6.1/lib/maruku/output/to_html.rb:716:in `to_html_link'
!/Library/Ruby/Gems/1.8/gems/maruku-0.6.1/lib/maruku/output/to_html.rb:970:in `send'
!/Library/Ruby/Gems/1.8/gems/maruku-0.6.1/lib/maruku/output/to_html.rb:970:in `array_to_html'
!/Library/Ruby/Gems/1.8/gems/maruku-0.6.1/lib/maruku/output/to_html.rb:961:in `each'
\___________________________________________________________________________
Not creating a link for ref_id = "".
 ___________________________________________________________________________
| Maruku tells you:
+---------------------------------------------------------------------------
| Could not find ref_id = "" for md_link(["\342\200\246"],"")
| Available refs are []
+---------------------------------------------------------------------------
!/Library/Ruby/Gems/1.8/gems/maruku-0.6.1/lib/maruku/errors_management.rb:49:in `maruku_error'
!/Library/Ruby/Gems/1.8/gems/maruku-0.6.1/lib/maruku/output/to_html.rb:716:in `to_html_link'
!/Library/Ruby/Gems/1.8/gems/maruku-0.6.1/lib/maruku/output/to_html.rb:970:in `send'
!/Library/Ruby/Gems/1.8/gems/maruku-0.6.1/lib/maruku/output/to_html.rb:970:in `array_to_html'
!/Library/Ruby/Gems/1.8/gems/maruku-0.6.1/lib/maruku/output/to_html.rb:961:in `each'
\___________________________________________________________________________
Not creating a link for ref_id = "".
 ___________________________________________________________________________
| Maruku tells you:
+---------------------------------------------------------------------------
| Could not find ref_id = "" for md_link([md_entity("hellip")],"")
| Available refs are []
+---------------------------------------------------------------------------
!/Library/Ruby/Gems/1.8/gems/maruku-0.6.1/lib/maruku/errors_management.rb:49:in `maruku_error'
!/Library/Ruby/Gems/1.8/gems/maruku-0.6.1/lib/maruku/output/to_html.rb:716:in `to_html_link'
!/Library/Ruby/Gems/1.8/gems/maruku-0.6.1/lib/maruku/output/to_html.rb:970:in `send'
!/Library/Ruby/Gems/1.8/gems/maruku-0.6.1/lib/maruku/output/to_html.rb:970:in `array_to_html'
!/Library/Ruby/Gems/1.8/gems/maruku-0.6.1/lib/maruku/output/to_html.rb:961:in `each'
\___________________________________________________________________________
Not creating a link for ref_id = "".
 ___________________________________________________________________________
| Maruku tells you:
+---------------------------------------------------------------------------
| Could not find ref_id = "" for md_link(["\342\202\254"],"")
| Available refs are []
+---------------------------------------------------------------------------
!/Library/Ruby/Gems/1.8/gems/maruku-0.6.1/lib/maruku/errors_management.rb:49:in `maruku_error'
!/Library/Ruby/Gems/1.8/gems/maruku-0.6.1/lib/maruku/output/to_html.rb:716:in `to_html_link'
!/Library/Ruby/Gems/1.8/gems/maruku-0.6.1/lib/maruku/output/to_html.rb:970:in `send'
!/Library/Ruby/Gems/1.8/gems/maruku-0.6.1/lib/maruku/output/to_html.rb:970:in `array_to_html'
!/Library/Ruby/Gems/1.8/gems/maruku-0.6.1/lib/maruku/output/to_html.rb:961:in `each'
\___________________________________________________________________________
Not creating a link for ref_id = "".
 ___________________________________________________________________________
| Maruku tells you:
+---------------------------------------------------------------------------
| Could not find ref_id = "" for md_link(["\342\202\254"],"")
| Available refs are []
+---------------------------------------------------------------------------
!/Library/Ruby/Gems/1.8/gems/maruku-0.6.1/lib/maruku/errors_management.rb:49:in `maruku_error'
!/Library/Ruby/Gems/1.8/gems/maruku-0.6.1/lib/maruku/output/to_html.rb:716:in `to_html_link'
!/Library/Ruby/Gems/1.8/gems/maruku-0.6.1/lib/maruku/output/to_html.rb:970:in `send'
!/Library/Ruby/Gems/1.8/gems/maruku-0.6.1/lib/maruku/output/to_html.rb:970:in `array_to_html'
!/Library/Ruby/Gems/1.8/gems/maruku-0.6.1/lib/maruku/output/to_html.rb:961:in `each'
\___________________________________________________________________________
Not creating a link for ref_id = "".
 ___________________________________________________________________________
| Maruku tells you:
+---------------------------------------------------------------------------
| Could not find ref_id = "" for md_link(["\342\202\254"],"")
| Available refs are []
+---------------------------------------------------------------------------
!/Library/Ruby/Gems/1.8/gems/maruku-0.6.1/lib/maruku/errors_management.rb:49:in `maruku_error'
!/Library/Ruby/Gems/1.8/gems/maruku-0.6.1/lib/maruku/output/to_html.rb:716:in `to_html_link'
!/Library/Ruby/Gems/1.8/gems/maruku-0.6.1/lib/maruku/output/to_html.rb:970:in `send'
!/Library/Ruby/Gems/1.8/gems/maruku-0.6.1/lib/maruku/output/to_html.rb:970:in `array_to_html'
!/Library/Ruby/Gems/1.8/gems/maruku-0.6.1/lib/maruku/output/to_html.rb:961:in `each'
\___________________________________________________________________________
Not creating a link for ref_id = "".
 ___________________________________________________________________________
| Maruku tells you:
+---------------------------------------------------------------------------
| Could not find ref_id = "" for md_link(["\342\202\254"],"")
| Available refs are []
+---------------------------------------------------------------------------
!/Library/Ruby/Gems/1.8/gems/maruku-0.6.1/lib/maruku/errors_management.rb:49:in `maruku_error'
!/Library/Ruby/Gems/1.8/gems/maruku-0.6.1/lib/maruku/output/to_html.rb:716:in `to_html_link'
!/Library/Ruby/Gems/1.8/gems/maruku-0.6.1/lib/maruku/output/to_html.rb:970:in `send'
!/Library/Ruby/Gems/1.8/gems/maruku-0.6.1/lib/maruku/output/to_html.rb:970:in `array_to_html'
!/Library/Ruby/Gems/1.8/gems/maruku-0.6.1/lib/maruku/output/to_html.rb:961:in `each'
\___________________________________________________________________________
Not creating a link for ref_id = "".
 ___________________________________________________________________________
| Maruku tells you:
+---------------------------------------------------------------------------
| Could not find ref_id = "" for md_link([md_entity("hellip")],"")
| Available refs are []
+---------------------------------------------------------------------------
!/Library/Ruby/Gems/1.8/gems/maruku-0.6.1/lib/maruku/errors_management.rb:49:in `maruku_error'
!/Library/Ruby/Gems/1.8/gems/maruku-0.6.1/lib/maruku/output/to_html.rb:716:in `to_html_link'
!/Library/Ruby/Gems/1.8/gems/maruku-0.6.1/lib/maruku/output/to_html.rb:970:in `send'
!/Library/Ruby/Gems/1.8/gems/maruku-0.6.1/lib/maruku/output/to_html.rb:970:in `array_to_html'
!/Library/Ruby/Gems/1.8/gems/maruku-0.6.1/lib/maruku/output/to_html.rb:961:in `each'
\___________________________________________________________________________
Not creating a link for ref_id = "".
 ___________________________________________________________________________
| Maruku tells you:
+---------------------------------------------------------------------------
| Could not find ref_id = "" for md_link([md_entity("hellip")],"")
| Available refs are []
+---------------------------------------------------------------------------
!/Library/Ruby/Gems/1.8/gems/maruku-0.6.1/lib/maruku/errors_management.rb:49:in `maruku_error'
!/Library/Ruby/Gems/1.8/gems/maruku-0.6.1/lib/maruku/output/to_html.rb:716:in `to_html_link'
!/Library/Ruby/Gems/1.8/gems/maruku-0.6.1/lib/maruku/output/to_html.rb:970:in `send'
!/Library/Ruby/Gems/1.8/gems/maruku-0.6.1/lib/maruku/output/to_html.rb:970:in `array_to_html'
!/Library/Ruby/Gems/1.8/gems/maruku-0.6.1/lib/maruku/output/to_html.rb:961:in `each'
\___________________________________________________________________________
Not creating a link for ref_id = "".
 ___________________________________________________________________________
| Maruku tells you:
+---------------------------------------------------------------------------
| Could not find ref_id = "" for md_link(["\342\202\254"],"")
| Available refs are []
+---------------------------------------------------------------------------
!/Library/Ruby/Gems/1.8/gems/maruku-0.6.1/lib/maruku/errors_management.rb:49:in `maruku_error'
!/Library/Ruby/Gems/1.8/gems/maruku-0.6.1/lib/maruku/output/to_html.rb:716:in `to_html_link'
!/Library/Ruby/Gems/1.8/gems/maruku-0.6.1/lib/maruku/output/to_html.rb:970:in `send'
!/Library/Ruby/Gems/1.8/gems/maruku-0.6.1/lib/maruku/output/to_html.rb:970:in `array_to_html'
!/Library/Ruby/Gems/1.8/gems/maruku-0.6.1/lib/maruku/output/to_html.rb:961:in `each'
\___________________________________________________________________________
Not creating a link for ref_id = "".